Base path: '/Applications/Unity/Hub/Editor/2019.3.0a2/2019.2.2f1/Unity.app/Contents', plugins path '/Applications/Unity/Hub/Editor/2019.3.0a2/2019.2.2f1/Unity.app/Contents/PlaybackEngines'
Cmd: initializeCompiler
Cmd: compileSnippet
  api=14 type=0 insize=16611 outsize=10161 kw=_SUNDISK_SIMPLE pd=UNITY_ENABLE_REFLECTION_BUFFERS UNITY_USE_DITHER_MASK_FOR_ALPHABLENDED_SHADOWS UNITY_PBS_USE_BRDF1 UNITY_SPECCUBE_BOX_PROJECTION UNITY_SPECCUBE_BLENDING UNITY_ENABLE_DETAIL_NORMALMAP SHADER_API_DESKTOP UNITY_COLORSPACE_GAMMA UNITY_LIGHT_PROBE_PROXY_VOLUME UNITY_LIGHTMAP_FULL_HDR ok=1
Cmd: initializeCompiler
Cmd: initializeCompiler
Cmd: initializeCompiler
Cmd: compileSnippet
  api=14 type=1 insize=11846 outsize=11914 kw=SHADOWS_SPLIT_SPHERES pd=UNITY_ENABLE_REFLECTION_BUFFERS UNITY_USE_DITHER_MASK_FOR_ALPHABLENDED_SHADOWS UNITY_PBS_USE_BRDF1 UNITY_SPECCUBE_BOX_PROJECTION UNITY_SPECCUBE_BLENDING UNITY_ENABLE_DETAIL_NORMALMAP SHADER_API_DESKTOP UNITY_COLORSPACE_GAMMA UNITY_LIGHT_PROBE_PROXY_VOLUME UNITY_LIGHTMAP_FULL_HDR ok=1
Cmd: compileComputeKernel
  api=14 insize=1186 outsize=1607 ok=1
Cmd: compileComputeKernel
  api=14 insize=3316 outsize=4013 ok=1
Cmd: translateComputeKernel
  api=14 insize=4013 outsize=5928 ok=1
Cmd: translateComputeKernel
  api=14 insize=4041 outsize=6001 ok=1
Cmd: translateComputeKernel
  api=14 insize=5145 outsize=9058 ok=1
Cmd: compileComputeKernel
  api=14 insize=3983 outsize=5145 ok=1
Cmd: translateComputeKernel
  error: 1 plat 21 at (0): Metal shading language does not support buffer size query from shader. Pass the size to shader as const instead.

  api=14 insize=6654 outsize=12809 ok=1
Cmd: compileComputeKernel
  error: 1 plat 14 at RayTracingShader.compute(117): loop doesn't seem to do anything, forcing loop to unroll; loop only executes for 0 iteration(s), forcing loop to unroll; loop only executes for 0 iteration(s), forcing loop to unroll
  error: 1 plat 14 at RayTracingShader.compute(117): signed/unsigned mismatch, unsigned assumed
  error: 1 plat 14 at RayTracingShader.compute(138): use of potentially uninitialized variable (Shade)
  api=14 insize=4822 outsize=4370 ok=1
