Base path: '/Applications/Unity/Hub/Editor/2019.3.0a2/2019.2.2f1/Unity.app/Contents', plugins path '/Applications/Unity/Hub/Editor/2019.3.0a2/2019.2.2f1/Unity.app/Contents/PlaybackEngines'
Cmd: initializeCompiler
Cmd: compileSnippet
  api=14 type=1 insize=16611 outsize=1875 kw=_SUNDISK_SIMPLE pd=UNITY_ENABLE_REFLECTION_BUFFERS UNITY_USE_DITHER_MASK_FOR_ALPHABLENDED_SHADOWS UNITY_PBS_USE_BRDF1 UNITY_SPECCUBE_BOX_PROJECTION UNITY_SPECCUBE_BLENDING UNITY_ENABLE_DETAIL_NORMALMAP SHADER_API_DESKTOP UNITY_COLORSPACE_GAMMA UNITY_LIGHT_PROBE_PROXY_VOLUME UNITY_LIGHTMAP_FULL_HDR ok=1
Cmd: initializeCompiler
Cmd: initializeCompiler
Cmd: initializeCompiler
Cmd: compileSnippet
  api=14 type=0 insize=20436 outsize=3328 kw=UNITY_PASS_FORWARDBASE DIRECTIONAL SHADOWS_SCREEN LIGHTPROBE_SH pd=UNITY_ENABLE_REFLECTION_BUFFERS UNITY_USE_DITHER_MASK_FOR_ALPHABLENDED_SHADOWS UNITY_PBS_USE_BRDF1 UNITY_SPECCUBE_BOX_PROJECTION UNITY_SPECCUBE_BLENDING UNITY_ENABLE_DETAIL_NORMALMAP SHADER_API_DESKTOP UNITY_COLORSPACE_GAMMA UNITY_LIGHT_PROBE_PROXY_VOLUME UNITY_LIGHTMAP_FULL_HDR ok=1
Cmd: compileComputeKernel
  api=14 insize=1449 outsize=2861 ok=1
Cmd: translateComputeKernel
  api=14 insize=2861 outsize=3870 ok=1
Cmd: compileComputeKernel
  error: 2 plat 14 at RayTracingShader.compute(86): undeclared identifier '_SkyboxTexture'
  api=14 insize=2611 outsize=0 ok=0
Cmd: compileComputeKernel
  api=14 insize=3292 outsize=3917 ok=1
Cmd: translateComputeKernel
  api=14 insize=3917 outsize=5928 ok=1
Cmd: translateComputeKernel
  api=14 insize=4725 outsize=7926 ok=1
Cmd: compileComputeKernel
  api=14 insize=3875 outsize=4725 ok=1
Cmd: translateComputeKernel
  api=14 insize=4725 outsize=7926 ok=1
Cmd: compileComputeKernel
  api=14 insize=3980 outsize=5145 ok=1
Cmd: translateComputeKernel
  api=14 insize=5145 outsize=9056 ok=1
Cmd: compileComputeKernel
  error: 1 plat 14 at RayTracingShader.compute(122): use of potentially uninitialized variable (Shade)
  api=14 insize=4425 outsize=6482 ok=1
Cmd: translateComputeKernel
  api=14 insize=6482 outsize=12216 ok=1
Cmd: compileComputeKernel
  error: 1 plat 14 at RayTracingShader.compute(132): use of potentially uninitialized variable (Shade)
  error: 1 plat 14 at RayTracingShader.compute(157): loop only executes for 0 iteration(s), forcing loop to unroll
  api=14 insize=4568 outsize=5778 ok=1
Cmd: translateComputeKernel
  api=14 insize=5778 outsize=9945 ok=1
Cmd: compileComputeKernel
  error: 1 plat 14 at RayTracingShader.compute(117): loop doesn't seem to do anything, forcing loop to unroll; loop only executes for 0 iteration(s), forcing loop to unroll; loop only executes for 0 iteration(s), forcing loop to unroll
  error: 1 plat 14 at RayTracingShader.compute(138): use of potentially uninitialized variable (Shade)
  api=14 insize=4823 outsize=4370 ok=1
Cmd: translateComputeKernel
  api=14 insize=4370 outsize=7589 ok=1
Cmd: translateComputeKernel
  api=14 insize=6801 outsize=12705 ok=1
